  Vec2.cpp
  collisionconstraint.cpp
  collisionconstrainthandler.cpp
C:\Users\kgauc\source\repos\XPBD-opengl\XPBD-opengl\collisionconstrainthandler.cpp(60,6): warning C4390: ';': empty controlled statement found; is this the intent?
  constraintmanager.cpp
  densityconstraint.cpp
  distanceconstraint.cpp
C:\Users\kgauc\source\repos\XPBD-opengl\XPBD-opengl\distanceconstraint.cpp(49,41): warning C4244: '=': conversion from 'double' to 'float', possible loss of data
  game.cpp
  main.cpp
  maxpositionconstraint.cpp
C:\Users\kgauc\source\repos\XPBD-opengl\XPBD-opengl\maxpositionconstraint.cpp(54,41): warning C4244: '=': conversion from 'double' to 'float', possible loss of data
  particle.cpp
  profiler.cpp
C:\Users\kgauc\source\repos\XPBD-opengl\XPBD-opengl\profiler.cpp(16,34): warning C4244: 'argument': conversion from '__int64' to '_Ty', possible loss of data
          with
          [
              _Ty=int
          ]
C:\Users\kgauc\source\repos\XPBD-opengl\XPBD-opengl\profiler.cpp(17,21): warning C4018: '>': signed/unsigned mismatch
C:\Users\kgauc\source\repos\XPBD-opengl\XPBD-opengl\profiler.cpp(20,18): warning C4267: '=': conversion from 'size_t' to 'int', possible loss of data
  renderer.cpp
C:\Users\kgauc\source\repos\XPBD-opengl\XPBD-opengl\renderer.cpp(43,54): warning C4267: 'argument': conversion from 'size_t' to 'GLsizei', possible loss of data
C:\Users\kgauc\source\repos\XPBD-opengl\XPBD-opengl\renderer.cpp(49,33): warning C4267: '=': conversion from 'size_t' to 'unsigned int', possible loss of data
  solver.cpp
C:\Users\kgauc\source\repos\XPBD-opengl\XPBD-opengl\solver.cpp(65,12): warning C4305: 'initializing': truncation from 'double' to 'float'
C:\Users\kgauc\source\repos\XPBD-opengl\XPBD-opengl\solver.cpp(71,14): warning C4267: 'initializing': conversion from 'size_t' to 'int', possible loss of data
C:\Users\kgauc\source\repos\XPBD-opengl\XPBD-opengl\solver.cpp(119,27): warning C4267: '=': conversion from 'size_t' to 'int', possible loss of data
C:\Users\kgauc\source\repos\XPBD-opengl\XPBD-opengl\solver.cpp(135,64): warning C4838: conversion from 'unsigned __int64' to 'int' requires a narrowing conversion
C:\Users\kgauc\source\repos\XPBD-opengl\XPBD-opengl\solver.cpp(135,64): warning C4267: 'initializing': conversion from 'size_t' to 'int', possible loss of data
  spatialhashgrid.cpp
  Generating Code...
x64\Debug\Vec2.obj : warning LNK4042: object specified more than once; extras ignored
glew32s.lib(glew.obj) : warning LNK4099: PDB '' was not found with 'glew32s.lib(glew.obj)' or at ''; linking object as if no debug info
LINK : warning LNK4098: defaultlib 'LIBCMT' conflicts with use of other libs; use /NODEFAULTLIB:library
  XPBD-opengl.vcxproj -> C:\Users\kgauc\source\repos\XPBD-opengl\x64\Debug\XPBD-opengl.exe
